<?xml version="1.0" encoding="UTF-8"?>
<robot generator="Robot 6.1.1 (Python 3.11.0 on win32)" generated="20241005 16:05:10.748" rpa="false" schemaversion="4">
<suite id="s1" name="SL TS1 Login" source="c:\Users\Bien\Desktop\rf-automation-swag-labs\SL_TS1_Login.robot">
<kw name="SSU_Open_Automation_Browser" type="SETUP">
<arg>${Setup.URL}</arg>
<arg>${Setup.BROWSER}</arg>
<doc>This custom keyword opens an automation browser, navigtes to the target URL, then maximizes the browser window.</doc>
<kw name="Open Browser" library="SeleniumLibrary">
<arg>${url}</arg>
<arg>${browser}</arg>
<doc>Opens a new browser instance to the optional ``url``.</doc>
<msg timestamp="20241005 16:05:10.931" level="INFO">Opening browser 'chrome' to base url 'https://www.saucedemo.com'.</msg>
<status status="PASS" starttime="20241005 16:05:10.931" endtime="20241005 16:05:14.495"/>
</kw>
<kw name="Maximize Browser Window" library="SeleniumLibrary">
<doc>Maximizes current browser window.</doc>
<status status="PASS" starttime="20241005 16:05:14.496" endtime="20241005 16:05:14.524"/>
</kw>
<status status="PASS" starttime="20241005 16:05:10.930" endtime="20241005 16:05:14.525"/>
</kw>
<test id="s1-t1" name="SL_TS1TC001" line="33">
<kw name="Element Should Be Visible" library="SeleniumLibrary">
<arg>${Login_Header.DIV}</arg>
<doc>Verifies that the element identified by ``locator`` is visible.</doc>
<msg timestamp="20241005 16:05:14.553" level="INFO">Element 'class:login_logo' is displayed.</msg>
<status status="PASS" starttime="20241005 16:05:14.527" endtime="20241005 16:05:14.553"/>
</kw>
<kw name="SS01_Capture_Element">
<arg>${Login_Header.DIV}</arg>
<arg>Login - Header</arg>
<doc>This custom keyword screen captures a specific element.</doc>
<kw name="Wait Until Element Is Visible" library="SeleniumLibrary">
<arg>${locator}</arg>
<doc>Waits until the element ``locator`` is visible.</doc>
<status status="PASS" starttime="20241005 16:05:14.554" endtime="20241005 16:05:14.571"/>
</kw>
<kw name="Capture Element Screenshot" library="SeleniumLibrary">
<arg>${locator}</arg>
<arg>Documentations/${TEST_NAME}/${description}.png</arg>
<doc>Captures a screenshot from the element identified by ``locator`` and embeds it into log file.</doc>
<msg timestamp="20241005 16:05:14.654" level="INFO" html="true">&lt;/td&gt;&lt;/tr&gt;&lt;tr&gt;&lt;td colspan="3"&gt;&lt;a href="Documentations/SL_TS1TC001/Login%20-%20Header.png"&gt;&lt;img src="Documentations/SL_TS1TC001/Login%20-%20Header.png" width="400px"&gt;&lt;/a&gt;</msg>
<status status="PASS" starttime="20241005 16:05:14.572" endtime="20241005 16:05:14.654"/>
</kw>
<status status="PASS" starttime="20241005 16:05:14.554" endtime="20241005 16:05:14.654"/>
</kw>
<kw name="SS02_Capture_Full_Page_Showing_Element">
<arg>${Login_Header.DIV}</arg>
<arg>Login - Header</arg>
<doc>This custom keyword scroll to the target element and screen captures a full page.</doc>
<kw name="Scroll Element Into View" library="SeleniumLibrary">
<arg>${locator}</arg>
<doc>Scrolls the element identified by ``locator`` into view.</doc>
<status status="PASS" starttime="20241005 16:05:14.655" endtime="20241005 16:05:14.926"/>
</kw>
<kw name="Wait Until Element Is Visible" library="SeleniumLibrary">
<arg>${locator}</arg>
<doc>Waits until the element ``locator`` is visible.</doc>
<status status="PASS" starttime="20241005 16:05:14.926" endtime="20241005 16:05:14.936"/>
</kw>
<kw name="Capture Page Screenshot" library="SeleniumLibrary">
<arg>Documentations/${TEST_NAME}/${description} Full Page.png</arg>
<doc>Takes a screenshot of the current page and embeds it into a log file.</doc>
<msg timestamp="20241005 16:05:15.032" level="INFO" html="true">&lt;/td&gt;&lt;/tr&gt;&lt;tr&gt;&lt;td colspan="3"&gt;&lt;a href="Documentations/SL_TS1TC001/Login%20-%20Header%20Full%20Page.png"&gt;&lt;img src="Documentations/SL_TS1TC001/Login%20-%20Header%20Full%20Page.png" width="800px"&gt;&lt;/a&gt;</msg>
<status status="PASS" starttime="20241005 16:05:14.937" endtime="20241005 16:05:15.033"/>
</kw>
<status status="PASS" starttime="20241005 16:05:14.654" endtime="20241005 16:05:15.033"/>
</kw>
<doc>Test Case ID:             SL_TS1TC001
Test Case Description:    Verify if Login header is visible.
Pre-Requisites:
    - URL: https://www.saucedemo.com
Test Steps:
    1. Navigate to https://www.saucedemo.com.
    2. Verify if Login header is visible.
Post-Requisite:
    - Login Header should be visible.</doc>
<tag>Login</tag>
<tag>Positive Testing</tag>
<status status="PASS" starttime="20241005 16:05:14.525" endtime="20241005 16:05:15.033"/>
</test>
<test id="s1-t2" name="SL_TS1TC002" line="50">
<kw name="Element Text Should Be" library="SeleniumLibrary">
<arg>${Login_Header.DIV}</arg>
<arg>Swag Labs</arg>
<doc>Verifies that element ``locator`` contains exact the text ``expected``.</doc>
<msg timestamp="20241005 16:05:15.036" level="INFO">Verifying element 'class:login_logo' contains exact text 'Swag Labs'.</msg>
<status status="PASS" starttime="20241005 16:05:15.035" endtime="20241005 16:05:15.050"/>
</kw>
<kw name="SS01_Capture_Element">
<arg>${Login_Header.DIV}</arg>
<arg>Login - Header</arg>
<doc>This custom keyword screen captures a specific element.</doc>
<kw name="Wait Until Element Is Visible" library="SeleniumLibrary">
<arg>${locator}</arg>
<doc>Waits until the element ``locator`` is visible.</doc>
<status status="PASS" starttime="20241005 16:05:15.052" endtime="20241005 16:05:15.062"/>
</kw>
<kw name="Capture Element Screenshot" library="SeleniumLibrary">
<arg>${locator}</arg>
<arg>Documentations/${TEST_NAME}/${description}.png</arg>
<doc>Captures a screenshot from the element identified by ``locator`` and embeds it into log file.</doc>
<msg timestamp="20241005 16:05:15.147" level="INFO" html="true">&lt;/td&gt;&lt;/tr&gt;&lt;tr&gt;&lt;td colspan="3"&gt;&lt;a href="Documentations/SL_TS1TC002/Login%20-%20Header.png"&gt;&lt;img src="Documentations/SL_TS1TC002/Login%20-%20Header.png" width="400px"&gt;&lt;/a&gt;</msg>
<status status="PASS" starttime="20241005 16:05:15.063" endtime="20241005 16:05:15.147"/>
</kw>
<status status="PASS" starttime="20241005 16:05:15.051" endtime="20241005 16:05:15.147"/>
</kw>
<kw name="SS02_Capture_Full_Page_Showing_Element">
<arg>${Login_Header.DIV}</arg>
<arg>Login - Header</arg>
<doc>This custom keyword scroll to the target element and screen captures a full page.</doc>
<kw name="Scroll Element Into View" library="SeleniumLibrary">
<arg>${locator}</arg>
<doc>Scrolls the element identified by ``locator`` into view.</doc>
<status status="PASS" starttime="20241005 16:05:15.148" endtime="20241005 16:05:15.432"/>
</kw>
<kw name="Wait Until Element Is Visible" library="SeleniumLibrary">
<arg>${locator}</arg>
<doc>Waits until the element ``locator`` is visible.</doc>
<status status="PASS" starttime="20241005 16:05:15.432" endtime="20241005 16:05:15.443"/>
</kw>
<kw name="Capture Page Screenshot" library="SeleniumLibrary">
<arg>Documentations/${TEST_NAME}/${description} Full Page.png</arg>
<doc>Takes a screenshot of the current page and embeds it into a log file.</doc>
<msg timestamp="20241005 16:05:15.528" level="INFO" html="true">&lt;/td&gt;&lt;/tr&gt;&lt;tr&gt;&lt;td colspan="3"&gt;&lt;a href="Documentations/SL_TS1TC002/Login%20-%20Header%20Full%20Page.png"&gt;&lt;img src="Documentations/SL_TS1TC002/Login%20-%20Header%20Full%20Page.png" width="800px"&gt;&lt;/a&gt;</msg>
<status status="PASS" starttime="20241005 16:05:15.443" endtime="20241005 16:05:15.528"/>
</kw>
<status status="PASS" starttime="20241005 16:05:15.148" endtime="20241005 16:05:15.528"/>
</kw>
<doc>Test Case ID:             SL_TS1TC002
Test Case Description:    Verify if Login header text is "Swag Labs".
Pre-Requisites:
    - URL: https://www.saucedemo.com
Test Steps:
    1. Navigate to https://www.saucedemo.com.
    2. Verify if Login header text is "Swag Labs".
Post-Requisite:
    - Login Header text should be "Swag Labs".</doc>
<tag>Login</tag>
<tag>Positive Testing</tag>
<status status="PASS" starttime="20241005 16:05:15.034" endtime="20241005 16:05:15.529"/>
</test>
<test id="s1-t3" name="SL_TS1TC003" line="68">
<kw name="Element Should Be Visible" library="SeleniumLibrary">
<arg>${Login_Forms.USERNAME_FIELD}</arg>
<doc>Verifies that the element identified by ``locator`` is visible.</doc>
<msg timestamp="20241005 16:05:15.545" level="INFO">Element 'id:user-name' is displayed.</msg>
<status status="PASS" starttime="20241005 16:05:15.531" endtime="20241005 16:05:15.545"/>
</kw>
<kw name="SS01_Capture_Element">
<arg>${Login_Forms.USERNAME_FIELD}</arg>
<arg>Login - Username Field</arg>
<doc>This custom keyword screen captures a specific element.</doc>
<kw name="Wait Until Element Is Visible" library="SeleniumLibrary">
<arg>${locator}</arg>
<doc>Waits until the element ``locator`` is visible.</doc>
<status status="PASS" starttime="20241005 16:05:15.546" endtime="20241005 16:05:15.557"/>
</kw>
<kw name="Capture Element Screenshot" library="SeleniumLibrary">
<arg>${locator}</arg>
<arg>Documentations/${TEST_NAME}/${description}.png</arg>
<doc>Captures a screenshot from the element identified by ``locator`` and embeds it into log file.</doc>
<msg timestamp="20241005 16:05:15.639" level="INFO" html="true">&lt;/td&gt;&lt;/tr&gt;&lt;tr&gt;&lt;td colspan="3"&gt;&lt;a href="Documentations/SL_TS1TC003/Login%20-%20Username%20Field.png"&gt;&lt;img src="Documentations/SL_TS1TC003/Login%20-%20Username%20Field.png" width="400px"&gt;&lt;/a&gt;</msg>
<status status="PASS" starttime="20241005 16:05:15.557" endtime="20241005 16:05:15.640"/>
</kw>
<status status="PASS" starttime="20241005 16:05:15.546" endtime="20241005 16:05:15.640"/>
</kw>
<kw name="SS02_Capture_Full_Page_Showing_Element">
<arg>${Login_Forms.USERNAME_FIELD}</arg>
<arg>Login - Username Field</arg>
<doc>This custom keyword scroll to the target element and screen captures a full page.</doc>
<kw name="Scroll Element Into View" library="SeleniumLibrary">
<arg>${locator}</arg>
<doc>Scrolls the element identified by ``locator`` into view.</doc>
<status status="PASS" starttime="20241005 16:05:15.641" endtime="20241005 16:05:15.929"/>
</kw>
<kw name="Wait Until Element Is Visible" library="SeleniumLibrary">
<arg>${locator}</arg>
<doc>Waits until the element ``locator`` is visible.</doc>
<status status="PASS" starttime="20241005 16:05:15.929" endtime="20241005 16:05:15.940"/>
</kw>
<kw name="Capture Page Screenshot" library="SeleniumLibrary">
<arg>Documentations/${TEST_NAME}/${description} Full Page.png</arg>
<doc>Takes a screenshot of the current page and embeds it into a log file.</doc>
<msg timestamp="20241005 16:05:16.024" level="INFO" html="true">&lt;/td&gt;&lt;/tr&gt;&lt;tr&gt;&lt;td colspan="3"&gt;&lt;a href="Documentations/SL_TS1TC003/Login%20-%20Username%20Field%20Full%20Page.png"&gt;&lt;img src="Documentations/SL_TS1TC003/Login%20-%20Username%20Field%20Full%20Page.png" width="800px"&gt;&lt;/a&gt;</msg>
<status status="PASS" starttime="20241005 16:05:15.940" endtime="20241005 16:05:16.024"/>
</kw>
<status status="PASS" starttime="20241005 16:05:15.640" endtime="20241005 16:05:16.024"/>
</kw>
<doc>Test Case ID:             SL_TS1TC003
Test Case Description:    Verify if Username field is visible.
Pre-Requisites:
    - URL: https://www.saucedemo.com
Test Steps:
    1. Navigate to https://www.saucedemo.com.
    2. Verify if Username field is visible.
Post-Requisite:
    - Username field is visible.</doc>
<tag>Login</tag>
<tag>Positive Testing</tag>
<status status="PASS" starttime="20241005 16:05:15.530" endtime="20241005 16:05:16.025"/>
</test>
<test id="s1-t4" name="SL_TS1TC004" line="85">
<kw name="Element Should Be Enabled" library="SeleniumLibrary">
<arg>${Login_Forms.USERNAME_FIELD}</arg>
<doc>Verifies that element identified by ``locator`` is enabled.</doc>
<status status="PASS" starttime="20241005 16:05:16.027" endtime="20241005 16:05:16.046"/>
</kw>
<kw name="SS01_Capture_Element">
<arg>${Login_Forms.USERNAME_FIELD}</arg>
<arg>Login - Username Field</arg>
<doc>This custom keyword screen captures a specific element.</doc>
<kw name="Wait Until Element Is Visible" library="SeleniumLibrary">
<arg>${locator}</arg>
<doc>Waits until the element ``locator`` is visible.</doc>
<status status="PASS" starttime="20241005 16:05:16.047" endtime="20241005 16:05:16.061"/>
</kw>
<kw name="Capture Element Screenshot" library="SeleniumLibrary">
<arg>${locator}</arg>
<arg>Documentations/${TEST_NAME}/${description}.png</arg>
<doc>Captures a screenshot from the element identified by ``locator`` and embeds it into log file.</doc>
<msg timestamp="20241005 16:05:16.149" level="INFO" html="true">&lt;/td&gt;&lt;/tr&gt;&lt;tr&gt;&lt;td colspan="3"&gt;&lt;a href="Documentations/SL_TS1TC004/Login%20-%20Username%20Field.png"&gt;&lt;img src="Documentations/SL_TS1TC004/Login%20-%20Username%20Field.png" width="400px"&gt;&lt;/a&gt;</msg>
<status status="PASS" starttime="20241005 16:05:16.061" endtime="20241005 16:05:16.149"/>
</kw>
<status status="PASS" starttime="20241005 16:05:16.047" endtime="20241005 16:05:16.150"/>
</kw>
<kw name="SS02_Capture_Full_Page_Showing_Element">
<arg>${Login_Forms.USERNAME_FIELD}</arg>
<arg>Login - Username Field</arg>
<doc>This custom keyword scroll to the target element and screen captures a full page.</doc>
<kw name="Scroll Element Into View" library="SeleniumLibrary">
<arg>${locator}</arg>
<doc>Scrolls the element identified by ``locator`` into view.</doc>
<status status="PASS" starttime="20241005 16:05:16.152" endtime="20241005 16:05:16.426"/>
</kw>
<kw name="Wait Until Element Is Visible" library="SeleniumLibrary">
<arg>${locator}</arg>
<doc>Waits until the element ``locator`` is visible.</doc>
<status status="PASS" starttime="20241005 16:05:16.426" endtime="20241005 16:05:16.437"/>
</kw>
<kw name="Capture Page Screenshot" library="SeleniumLibrary">
<arg>Documentations/${TEST_NAME}/${description} Full Page.png</arg>
<doc>Takes a screenshot of the current page and embeds it into a log file.</doc>
<msg timestamp="20241005 16:05:16.522" level="INFO" html="true">&lt;/td&gt;&lt;/tr&gt;&lt;tr&gt;&lt;td colspan="3"&gt;&lt;a href="Documentations/SL_TS1TC004/Login%20-%20Username%20Field%20Full%20Page.png"&gt;&lt;img src="Documentations/SL_TS1TC004/Login%20-%20Username%20Field%20Full%20Page.png" width="800px"&gt;&lt;/a&gt;</msg>
<status status="PASS" starttime="20241005 16:05:16.437" endtime="20241005 16:05:16.522"/>
</kw>
<status status="PASS" starttime="20241005 16:05:16.150" endtime="20241005 16:05:16.522"/>
</kw>
<doc>Test Case ID:             SL_TS1TC004
Test Case Description:    Verify if Username field is enabled.
Pre-Requisites:
    - URL: https://www.saucedemo.com
Test Steps:
    1. Navigate to https://www.saucedemo.com.
    2. Verify if Username field is enabled.
Post-Requisite:
    - Username field is enabled.</doc>
<tag>Login</tag>
<tag>Positive Testing</tag>
<status status="PASS" starttime="20241005 16:05:16.026" endtime="20241005 16:05:16.523"/>
</test>
<test id="s1-t5" name="SL_TS1TC005" line="102">
<kw name="Element Attribute Value Should Be" library="SeleniumLibrary">
<arg>${Login_Forms.USERNAME_FIELD}</arg>
<arg>placeholder</arg>
<arg>Username</arg>
<doc>Verifies element identified by ``locator`` contains expected attribute value.</doc>
<msg timestamp="20241005 16:05:16.539" level="INFO">Element 'id:user-name' attribute 'placeholder' contains value 'Username'.</msg>
<status status="PASS" starttime="20241005 16:05:16.524" endtime="20241005 16:05:16.540"/>
</kw>
<kw name="SS01_Capture_Element">
<arg>${Login_Forms.USERNAME_FIELD}</arg>
<arg>Login - Username Field</arg>
<doc>This custom keyword screen captures a specific element.</doc>
<kw name="Wait Until Element Is Visible" library="SeleniumLibrary">
<arg>${locator}</arg>
<doc>Waits until the element ``locator`` is visible.</doc>
<status status="PASS" starttime="20241005 16:05:16.540" endtime="20241005 16:05:16.551"/>
</kw>
<kw name="Capture Element Screenshot" library="SeleniumLibrary">
<arg>${locator}</arg>
<arg>Documentations/${TEST_NAME}/${description}.png</arg>
<doc>Captures a screenshot from the element identified by ``locator`` and embeds it into log file.</doc>
<msg timestamp="20241005 16:05:16.630" level="INFO" html="true">&lt;/td&gt;&lt;/tr&gt;&lt;tr&gt;&lt;td colspan="3"&gt;&lt;a href="Documentations/SL_TS1TC005/Login%20-%20Username%20Field.png"&gt;&lt;img src="Documentations/SL_TS1TC005/Login%20-%20Username%20Field.png" width="400px"&gt;&lt;/a&gt;</msg>
<status status="PASS" starttime="20241005 16:05:16.551" endtime="20241005 16:05:16.630"/>
</kw>
<status status="PASS" starttime="20241005 16:05:16.540" endtime="20241005 16:05:16.631"/>
</kw>
<kw name="SS02_Capture_Full_Page_Showing_Element">
<arg>${Login_Forms.USERNAME_FIELD}</arg>
<arg>Login - Username Field</arg>
<doc>This custom keyword scroll to the target element and screen captures a full page.</doc>
<kw name="Scroll Element Into View" library="SeleniumLibrary">
<arg>${locator}</arg>
<doc>Scrolls the element identified by ``locator`` into view.</doc>
<status status="PASS" starttime="20241005 16:05:16.632" endtime="20241005 16:05:16.903"/>
</kw>
<kw name="Wait Until Element Is Visible" library="SeleniumLibrary">
<arg>${locator}</arg>
<doc>Waits until the element ``locator`` is visible.</doc>
<status status="PASS" starttime="20241005 16:05:16.903" endtime="20241005 16:05:16.913"/>
</kw>
<kw name="Capture Page Screenshot" library="SeleniumLibrary">
<arg>Documentations/${TEST_NAME}/${description} Full Page.png</arg>
<doc>Takes a screenshot of the current page and embeds it into a log file.</doc>
<msg timestamp="20241005 16:05:17.015" level="INFO" html="true">&lt;/td&gt;&lt;/tr&gt;&lt;tr&gt;&lt;td colspan="3"&gt;&lt;a href="Documentations/SL_TS1TC005/Login%20-%20Username%20Field%20Full%20Page.png"&gt;&lt;img src="Documentations/SL_TS1TC005/Login%20-%20Username%20Field%20Full%20Page.png" width="800px"&gt;&lt;/a&gt;</msg>
<status status="PASS" starttime="20241005 16:05:16.913" endtime="20241005 16:05:17.015"/>
</kw>
<status status="PASS" starttime="20241005 16:05:16.631" endtime="20241005 16:05:17.015"/>
</kw>
<doc>Test Case ID:             SL_TS1TC005
Test Case Description:    Verify if Username field placeholder text is "Username".
Pre-Requisites:
    - URL: https://www.saucedemo.com
Test Steps:
    1. Navigate to https://www.saucedemo.com.
    2. Verify if Username field placeholder text is "Username".
Post-Requisite:
    - Username field placeholder text is "Username".</doc>
<tag>Login</tag>
<tag>Positive Testing</tag>
<status status="PASS" starttime="20241005 16:05:16.523" endtime="20241005 16:05:17.016"/>
</test>
<kw name="Close Browser" library="SeleniumLibrary" type="TEARDOWN">
<doc>Closes the current browser.</doc>
<status status="PASS" starttime="20241005 16:05:17.017" endtime="20241005 16:05:19.113"/>
</kw>
<doc>Automation Engineer:  Biendroid
Date Created:         October 5, 2024
Test Scenario:        Check login interface (UI/UX) and its functionality.
Test Scenario ID:     SL_TS1</doc>
<status status="PASS" starttime="20241005 16:05:10.751" endtime="20241005 16:05:19.113"/>
</suite>
<statistics>
<total>
<stat pass="5" fail="0" skip="0">All Tests</stat>
</total>
<tag>
<stat pass="5" fail="0" skip="0">Login</stat>
<stat pass="5" fail="0" skip="0">Positive Testing</stat>
</tag>
<suite>
<stat pass="5" fail="0" skip="0" id="s1" name="SL TS1 Login">SL TS1 Login</stat>
</suite>
</statistics>
<errors>
</errors>
</robot>
